TN:
SF:controller/contactController.js
FN:7,(anonymous_0)
FN:16,(anonymous_1)
FN:29,(anonymous_2)
FN:49,(anonymous_3)
FN:71,(anonymous_4)
FNF:5
FNH:5
FNDA:3,(anonymous_0)
FNDA:2,(anonymous_1)
FNDA:4,(anonymous_2)
FNDA:3,(anonymous_3)
FNDA:3,(anonymous_4)
DA:1,1
DA:2,1
DA:7,1
DA:8,3
DA:9,3
DA:16,1
DA:17,2
DA:18,2
DA:19,1
DA:20,1
DA:22,1
DA:29,1
DA:30,4
DA:31,4
DA:32,3
DA:33,3
DA:36,1
DA:42,1
DA:49,1
DA:50,3
DA:51,3
DA:52,1
DA:53,1
DA:55,2
DA:56,1
DA:57,1
DA:59,1
DA:64,1
DA:71,1
DA:72,3
DA:73,3
DA:74,1
DA:75,1
DA:77,2
DA:78,1
DA:79,1
DA:81,1
DA:82,1
DA:85,1
LF:39
LH:39
BRDA:18,0,0,1
BRDA:18,0,1,1
BRDA:31,1,0,3
BRDA:31,1,1,1
BRDA:31,2,0,4
BRDA:31,2,1,3
BRDA:31,2,2,2
BRDA:51,3,0,1
BRDA:51,3,1,2
BRDA:55,4,0,1
BRDA:55,4,1,1
BRDA:73,5,0,1
BRDA:73,5,1,2
BRDA:77,6,0,1
BRDA:77,6,1,1
BRF:15
BRH:15
end_of_record
TN:
SF:controller/userController.js
FN:9,(anonymous_0)
FN:38,(anonymous_1)
FN:67,(anonymous_2)
FNF:3
FNH:3
FNDA:7,(anonymous_0)
FNDA:6,(anonymous_1)
FNDA:1,(anonymous_2)
DA:1,1
DA:2,1
DA:3,1
DA:4,1
DA:9,1
DA:10,7
DA:11,7
DA:12,3
DA:13,3
DA:15,4
DA:16,4
DA:17,1
DA:18,1
DA:21,3
DA:22,3
DA:27,3
DA:28,3
DA:30,0
DA:31,0
DA:38,1
DA:39,6
DA:40,6
DA:41,3
DA:42,3
DA:44,3
DA:45,3
DA:46,1
DA:57,1
DA:59,2
DA:60,2
DA:67,1
DA:68,1
DA:71,1
LF:33
LH:31
BRDA:11,0,0,3
BRDA:11,0,1,4
BRDA:11,1,0,7
BRDA:11,1,1,6
BRDA:11,1,2,5
BRDA:16,2,0,1
BRDA:16,2,1,3
BRDA:27,3,0,3
BRDA:27,3,1,0
BRDA:40,4,0,3
BRDA:40,4,1,3
BRDA:40,5,0,6
BRDA:40,5,1,4
BRDA:45,6,0,1
BRDA:45,6,1,2
BRDA:45,7,0,3
BRDA:45,7,1,2
BRF:17
BRH:16
end_of_record
TN:
SF:middleware/errorHandler.js
FN:2,(anonymous_0)
FNF:1
FNH:1
FNDA:26,(anonymous_0)
DA:1,2
DA:2,2
DA:3,26
DA:4,26
DA:6,10
DA:11,10
DA:13,3
DA:18,3
DA:20,11
DA:25,11
DA:27,2
DA:32,2
DA:34,0
DA:39,0
DA:41,0
DA:46,0
DA:50,2
LF:17
LH:13
BRDA:3,0,0,26
BRDA:3,0,1,0
BRDA:4,1,0,10
BRDA:4,1,1,3
BRDA:4,1,2,11
BRDA:4,1,3,2
BRDA:4,1,4,0
BRDA:4,1,5,0
BRF:8
BRH:5
end_of_record
TN:
SF:middleware/validateTokenHandler.js
FN:4,(anonymous_0)
FN:10,(anonymous_1)
FNF:2
FNH:2
FNDA:25,(anonymous_0)
FNDA:18,(anonymous_1)
DA:1,2
DA:2,2
DA:4,2
DA:6,25
DA:7,25
DA:8,18
DA:10,18
DA:11,18
DA:12,2
DA:13,2
DA:15,16
DA:16,16
DA:20,23
DA:21,7
DA:22,7
DA:26,2
LF:16
LH:16
BRDA:6,0,0,25
BRDA:6,0,1,25
BRDA:7,1,0,18
BRDA:7,1,1,7
BRDA:7,2,0,25
BRDA:7,2,1,19
BRDA:11,3,0,2
BRDA:11,3,1,16
BRDA:20,4,0,7
BRDA:20,4,1,16
BRF:10
BRH:10
end_of_record
TN:
SF:model/contactModel.js
FNF:0
FNH:0
DA:1,1
DA:3,1
DA:25,1
LF:3
LH:3
BRF:0
BRH:0
end_of_record
TN:
SF:model/userModel.js
FNF:0
FNH:0
DA:1,2
DA:3,2
DA:21,2
LF:3
LH:3
BRF:0
BRH:0
end_of_record
TN:
SF:route/contactRoutes.js
FNF:0
FNH:0
DA:1,0
DA:2,0
DA:3,0
DA:4,0
DA:6,0
DA:7,0
DA:8,0
DA:9,0
LF:8
LH:0
BRF:0
BRH:0
end_of_record
TN:
SF:route/userRoutes.js
FNF:0
FNH:0
DA:1,0
DA:2,0
DA:3,0
DA:4,0
DA:6,0
DA:8,0
DA:10,0
DA:12,0
LF:8
LH:0
BRF:0
BRH:0
end_of_record
